0 verbose cli /usr/local/bin/node /usr/local/bin/npm
1 info using npm@10.8.2
2 info using node@v20.18.0
3 silly config load:file:/usr/local/lib/node_modules/npm/npmrc
4 silly config load:file:/Users/dereklomas/CodeVibing/efm/.npmrc
5 silly config load:file:/Users/dereklomas/codevibing/efm/.npmrc
6 silly config load:file:/usr/local/etc/npmrc
7 verbose title npm install supabase
8 verbose argv "install" "--save-dev" "supabase"
9 verbose logfile logs-max:10 dir:/Users/dereklomas/codevibing/efm/.npm/_logs/2025-10-17T18_52_50_500Z-
10 verbose logfile /Users/dereklomas/codevibing/efm/.npm/_logs/2025-10-17T18_52_50_500Z-debug-0.log
11 silly packumentCache heap:4345298944 maxSize:1086324736 maxEntrySize:543162368
12 silly logfile done cleaning log files
13 silly idealTree buildDeps
14 silly fetch manifest supabase@*
15 silly packumentCache full:https://registry.npmjs.org/supabase cache-miss
16 http fetch GET 200 https://registry.npmjs.org/supabase 8ms (cache hit)
17 silly packumentCache full:https://registry.npmjs.org/supabase set size:2194506 disposed:false
18 silly placeDep ROOT supabase@2.51.0 OK for: efm@1.0.0 want: *
19 silly fetch manifest tar@7.5.1
20 silly packumentCache full:https://registry.npmjs.org/tar cache-miss
21 silly fetch manifest bin-links@^5.0.0
22 silly packumentCache full:https://registry.npmjs.org/bin-links cache-miss
23 silly fetch manifest node-fetch@^3.3.2
24 silly packumentCache full:https://registry.npmjs.org/node-fetch cache-miss
25 silly fetch manifest https-proxy-agent@^7.0.2
26 silly packumentCache full:https://registry.npmjs.org/https-proxy-agent cache-miss
27 http fetch GET 200 https://registry.npmjs.org/bin-links 3505ms (cache miss)
28 silly packumentCache full:https://registry.npmjs.org/bin-links set size:undefined disposed:false
29 http fetch GET 200 https://registry.npmjs.org/https-proxy-agent 3534ms (cache miss)
30 silly packumentCache full:https://registry.npmjs.org/https-proxy-agent set size:undefined disposed:false
31 http fetch GET 200 https://registry.npmjs.org/tar 4500ms (cache miss)
32 silly packumentCache full:https://registry.npmjs.org/tar set size:undefined disposed:false
33 http fetch GET 200 https://registry.npmjs.org/node-fetch 5541ms (cache miss)
34 silly packumentCache full:https://registry.npmjs.org/node-fetch set size:undefined disposed:false
35 silly placeDep ROOT bin-links@5.0.0 OK for: supabase@2.51.0 want: ^5.0.0
36 silly placeDep ROOT https-proxy-agent@7.0.6 OK for: supabase@2.51.0 want: ^7.0.2
37 silly placeDep ROOT node-fetch@3.3.2 OK for: supabase@2.51.0 want: ^3.3.2
38 silly placeDep ROOT tar@7.5.1 OK for: supabase@2.51.0 want: 7.5.1
39 silly fetch manifest cmd-shim@^7.0.0
40 silly packumentCache full:https://registry.npmjs.org/cmd-shim cache-miss
41 silly fetch manifest proc-log@^5.0.0
42 silly packumentCache full:https://registry.npmjs.org/proc-log cache-miss
43 silly fetch manifest read-cmd-shim@^5.0.0
44 silly packumentCache full:https://registry.npmjs.org/read-cmd-shim cache-miss
45 silly fetch manifest write-file-atomic@^6.0.0
46 silly packumentCache full:https://registry.npmjs.org/write-file-atomic cache-miss
47 silly fetch manifest npm-normalize-package-bin@^4.0.0
48 silly packumentCache full:https://registry.npmjs.org/npm-normalize-package-bin cache-miss
49 silly fetch manifest debug@4
50 silly packumentCache full:https://registry.npmjs.org/debug cache-miss
51 silly fetch manifest agent-base@^7.1.2
52 silly packumentCache full:https://registry.npmjs.org/agent-base cache-miss
53 http fetch GET 200 https://registry.npmjs.org/proc-log 993ms (cache miss)
54 silly packumentCache full:https://registry.npmjs.org/proc-log set size:undefined disposed:false
55 silly fetch manifest data-uri-to-buffer@^4.0.0
56 silly packumentCache full:https://registry.npmjs.org/data-uri-to-buffer cache-miss
57 http fetch GET 200 https://registry.npmjs.org/read-cmd-shim 996ms (cache miss)
58 silly packumentCache full:https://registry.npmjs.org/read-cmd-shim set size:undefined disposed:false
59 silly fetch manifest fetch-blob@^3.1.4
60 silly packumentCache full:https://registry.npmjs.org/fetch-blob cache-miss
61 http fetch GET 200 https://registry.npmjs.org/write-file-atomic 1048ms (cache miss)
62 silly packumentCache full:https://registry.npmjs.org/write-file-atomic set size:undefined disposed:false
63 silly fetch manifest formdata-polyfill@^4.0.10
64 silly packumentCache full:https://registry.npmjs.org/formdata-polyfill cache-miss
65 http fetch GET 200 https://registry.npmjs.org/cmd-shim 1373ms (cache miss)
66 silly packumentCache full:https://registry.npmjs.org/cmd-shim set size:undefined disposed:false
67 silly fetch manifest @isaacs/fs-minipass@^4.0.0
68 silly packumentCache full:https://registry.npmjs.org/@isaacs%2ffs-minipass cache-miss
69 http fetch GET 200 https://registry.npmjs.org/fetch-blob 1001ms (cache miss)
70 silly packumentCache full:https://registry.npmjs.org/fetch-blob set size:undefined disposed:false
71 silly fetch manifest chownr@^3.0.0
72 silly packumentCache full:https://registry.npmjs.org/chownr cache-miss
73 http fetch GET 200 https://registry.npmjs.org/formdata-polyfill 1457ms (cache miss)
74 silly packumentCache full:https://registry.npmjs.org/formdata-polyfill set size:undefined disposed:false
75 silly fetch manifest minipass@^7.1.2
76 silly packumentCache full:https://registry.npmjs.org/minipass cache-miss
77 http fetch GET 200 https://registry.npmjs.org/@isaacs%2ffs-minipass 1475ms (cache miss)
78 silly packumentCache full:https://registry.npmjs.org/@isaacs%2ffs-minipass set size:undefined disposed:false
79 silly fetch manifest minizlib@^3.1.0
80 silly packumentCache full:https://registry.npmjs.org/minizlib cache-miss
81 http fetch GET 200 https://registry.npmjs.org/data-uri-to-buffer 1866ms (cache miss)
82 silly packumentCache full:https://registry.npmjs.org/data-uri-to-buffer set size:undefined disposed:false
83 silly fetch manifest yallist@^5.0.0
84 silly packumentCache full:https://registry.npmjs.org/yallist cache-miss
85 http fetch GET 200 https://registry.npmjs.org/chownr 1282ms (cache miss)
86 silly packumentCache full:https://registry.npmjs.org/chownr set size:undefined disposed:false
87 http fetch GET 200 https://registry.npmjs.org/npm-normalize-package-bin 3346ms (cache miss)
88 silly packumentCache full:https://registry.npmjs.org/npm-normalize-package-bin set size:undefined disposed:false
89 http fetch GET 200 https://registry.npmjs.org/yallist 1009ms (cache miss)
90 silly packumentCache full:https://registry.npmjs.org/yallist set size:undefined disposed:false
91 http fetch GET 200 https://registry.npmjs.org/minipass 1380ms (cache miss)
92 silly packumentCache full:https://registry.npmjs.org/minipass set size:undefined disposed:false
93 http fetch GET 200 https://registry.npmjs.org/minizlib 1110ms (cache miss)
94 silly packumentCache full:https://registry.npmjs.org/minizlib set size:undefined disposed:false
95 http fetch GET 200 https://registry.npmjs.org/debug 3989ms (cache miss)
96 silly packumentCache full:https://registry.npmjs.org/debug set size:undefined disposed:false
97 http fetch GET 200 https://registry.npmjs.org/agent-base 4341ms (cache miss)
98 silly packumentCache full:https://registry.npmjs.org/agent-base set size:undefined disposed:false
99 silly placeDep ROOT cmd-shim@7.0.0 OK for: bin-links@5.0.0 want: ^7.0.0
100 silly placeDep ROOT npm-normalize-package-bin@4.0.0 OK for: bin-links@5.0.0 want: ^4.0.0
101 silly placeDep ROOT proc-log@5.0.0 OK for: bin-links@5.0.0 want: ^5.0.0
102 silly placeDep ROOT read-cmd-shim@5.0.0 OK for: bin-links@5.0.0 want: ^5.0.0
103 silly placeDep ROOT write-file-atomic@6.0.0 OK for: bin-links@5.0.0 want: ^6.0.0
104 silly fetch manifest imurmurhash@^0.1.4
105 silly packumentCache full:https://registry.npmjs.org/imurmurhash cache-miss
106 silly fetch manifest signal-exit@^4.0.1
107 silly packumentCache full:https://registry.npmjs.org/signal-exit cache-miss
108 http fetch GET 200 https://registry.npmjs.org/imurmurhash 1150ms (cache miss)
109 silly packumentCache full:https://registry.npmjs.org/imurmurhash set size:undefined disposed:false
110 http fetch GET 200 https://registry.npmjs.org/signal-exit 1417ms (cache miss)
111 silly packumentCache full:https://registry.npmjs.org/signal-exit set size:undefined disposed:false
112 silly placeDep ROOT agent-base@7.1.4 OK for: https-proxy-agent@7.0.6 want: ^7.1.2
113 silly placeDep ROOT debug@4.4.3 OK for: https-proxy-agent@7.0.6 want: 4
114 silly fetch manifest ms@^2.1.3
115 silly packumentCache full:https://registry.npmjs.org/ms cache-miss
116 http fetch GET 200 https://registry.npmjs.org/ms 996ms (cache miss)
117 silly packumentCache full:https://registry.npmjs.org/ms set size:undefined disposed:false
118 silly placeDep ROOT ms@2.1.3 OK for: debug@4.4.3 want: ^2.1.3
119 silly placeDep ROOT data-uri-to-buffer@4.0.1 OK for: node-fetch@3.3.2 want: ^4.0.0
120 silly placeDep ROOT fetch-blob@3.2.0 OK for: node-fetch@3.3.2 want: ^3.1.4
121 silly placeDep ROOT formdata-polyfill@4.0.10 OK for: node-fetch@3.3.2 want: ^4.0.10
122 silly fetch manifest node-domexception@^1.0.0
123 silly packumentCache full:https://registry.npmjs.org/node-domexception cache-miss
124 silly fetch manifest web-streams-polyfill@^3.0.3
125 silly packumentCache full:https://registry.npmjs.org/web-streams-polyfill cache-miss
126 http fetch GET 200 https://registry.npmjs.org/web-streams-polyfill 1023ms (cache miss)
127 silly packumentCache full:https://registry.npmjs.org/web-streams-polyfill set size:undefined disposed:false
128 http fetch GET 200 https://registry.npmjs.org/node-domexception 1032ms (cache miss)
129 silly packumentCache full:https://registry.npmjs.org/node-domexception set size:undefined disposed:false
130 silly placeDep ROOT node-domexception@1.0.0 OK for: fetch-blob@3.2.0 want: ^1.0.0
131 silly placeDep ROOT web-streams-polyfill@3.3.3 OK for: fetch-blob@3.2.0 want: ^3.0.3
132 silly placeDep ROOT @isaacs/fs-minipass@4.0.1 OK for: tar@7.5.1 want: ^4.0.0
133 silly placeDep ROOT chownr@3.0.0 OK for: tar@7.5.1 want: ^3.0.0
134 silly placeDep ROOT minipass@7.1.2 OK for: tar@7.5.1 want: ^7.1.2
135 silly placeDep ROOT minizlib@3.1.0 OK for: tar@7.5.1 want: ^3.1.0
136 silly placeDep ROOT yallist@5.0.0 OK for: tar@7.5.1 want: ^5.0.0
137 silly fetch manifest minipass@^7.0.4
138 silly packumentCache full:https://registry.npmjs.org/minipass cache-miss
139 http fetch GET 200 https://registry.npmjs.org/minipass 2ms (cache hit)
140 silly packumentCache full:https://registry.npmjs.org/minipass set size:490195 disposed:false
141 silly placeDep ROOT imurmurhash@0.1.4 OK for: write-file-atomic@6.0.0 want: ^0.1.4
142 silly placeDep ROOT signal-exit@4.1.0 OK for: write-file-atomic@6.0.0 want: ^4.0.1
143 silly reify moves {}
144 silly audit bulk request {
144 silly audit   supabase: [ '2.51.0' ],
144 silly audit   'bin-links': [ '5.0.0' ],
144 silly audit   'https-proxy-agent': [ '7.0.6' ],
144 silly audit   'node-fetch': [ '3.3.2' ],
144 silly audit   tar: [ '7.5.1' ],
144 silly audit   'cmd-shim': [ '7.0.0' ],
144 silly audit   'npm-normalize-package-bin': [ '4.0.0' ],
144 silly audit   'proc-log': [ '5.0.0' ],
144 silly audit   'read-cmd-shim': [ '5.0.0' ],
144 silly audit   'write-file-atomic': [ '6.0.0' ],
144 silly audit   'agent-base': [ '7.1.4' ],
144 silly audit   debug: [ '4.4.3' ],
144 silly audit   ms: [ '2.1.3' ],
144 silly audit   'data-uri-to-buffer': [ '4.0.1' ],
144 silly audit   'fetch-blob': [ '3.2.0' ],
144 silly audit   'formdata-polyfill': [ '4.0.10' ],
144 silly audit   'node-domexception': [ '1.0.0' ],
144 silly audit   'web-streams-polyfill': [ '3.3.3' ],
144 silly audit   '@isaacs/fs-minipass': [ '4.0.1' ],
144 silly audit   chownr: [ '3.0.0' ],
144 silly audit   minipass: [ '7.1.2' ],
144 silly audit   minizlib: [ '3.1.0' ],
144 silly audit   yallist: [ '5.0.0' ],
144 silly audit   imurmurhash: [ '0.1.4' ],
144 silly audit   'signal-exit': [ '4.1.0' ]
144 silly audit }
145 silly tarball no local data for signal-exit@https://registry.npmjs.org/signal-exit/-/signal-exit-4.1.0.tgz. Extracting by manifest.
146 silly tarball no local data for imurmurhash@https://registry.npmjs.org/imurmurhash/-/imurmurhash-0.1.4.tgz. Extracting by manifest.
147 silly tarball no local data for minipass@https://registry.npmjs.org/minipass/-/minipass-7.1.2.tgz. Extracting by manifest.
148 silly tarball no local data for chownr@https://registry.npmjs.org/chownr/-/chownr-3.0.0.tgz. Extracting by manifest.
149 silly tarball no local data for minizlib@https://registry.npmjs.org/minizlib/-/minizlib-3.1.0.tgz. Extracting by manifest.
150 silly tarball no local data for web-streams-polyfill@https://registry.npmjs.org/web-streams-polyfill/-/web-streams-polyfill-3.3.3.tgz. Extracting by manifest.
151 silly tarball no local data for yallist@https://registry.npmjs.org/yallist/-/yallist-5.0.0.tgz. Extracting by manifest.
152 silly tarball no local data for formdata-polyfill@https://registry.npmjs.org/formdata-polyfill/-/formdata-polyfill-4.0.10.tgz. Extracting by manifest.
153 silly tarball no local data for node-domexception@https://registry.npmjs.org/node-domexception/-/node-domexception-1.0.0.tgz. Extracting by manifest.
154 silly tarball no local data for fetch-blob@https://registry.npmjs.org/fetch-blob/-/fetch-blob-3.2.0.tgz. Extracting by manifest.
155 silly tarball no local data for debug@https://registry.npmjs.org/debug/-/debug-4.4.3.tgz. Extracting by manifest.
156 silly tarball no local data for @isaacs/fs-minipass@https://registry.npmjs.org/@isaacs/fs-minipass/-/fs-minipass-4.0.1.tgz. Extracting by manifest.
157 silly tarball no local data for data-uri-to-buffer@https://registry.npmjs.org/data-uri-to-buffer/-/data-uri-to-buffer-4.0.1.tgz. Extracting by manifest.
158 silly tarball no local data for ms@https://registry.npmjs.org/ms/-/ms-2.1.3.tgz. Extracting by manifest.
159 silly tarball no local data for write-file-atomic@https://registry.npmjs.org/write-file-atomic/-/write-file-atomic-6.0.0.tgz. Extracting by manifest.
160 silly tarball no local data for proc-log@https://registry.npmjs.org/proc-log/-/proc-log-5.0.0.tgz. Extracting by manifest.
161 silly tarball no local data for npm-normalize-package-bin@https://registry.npmjs.org/npm-normalize-package-bin/-/npm-normalize-package-bin-4.0.0.tgz. Extracting by manifest.
162 silly tarball no local data for agent-base@https://registry.npmjs.org/agent-base/-/agent-base-7.1.4.tgz. Extracting by manifest.
163 silly tarball no local data for cmd-shim@https://registry.npmjs.org/cmd-shim/-/cmd-shim-7.0.0.tgz. Extracting by manifest.
164 silly tarball no local data for read-cmd-shim@https://registry.npmjs.org/read-cmd-shim/-/read-cmd-shim-5.0.0.tgz. Extracting by manifest.
165 silly tarball no local data for tar@https://registry.npmjs.org/tar/-/tar-7.5.1.tgz. Extracting by manifest.
166 silly tarball no local data for https-proxy-agent@https://registry.npmjs.org/https-proxy-agent/-/https-proxy-agent-7.0.6.tgz. Extracting by manifest.
167 silly tarball no local data for supabase@https://registry.npmjs.org/supabase/-/supabase-2.51.0.tgz. Extracting by manifest.
168 silly tarball no local data for bin-links@https://registry.npmjs.org/bin-links/-/bin-links-5.0.0.tgz. Extracting by manifest.
169 silly tarball no local data for node-fetch@https://registry.npmjs.org/node-fetch/-/node-fetch-3.3.2.tgz. Extracting by manifest.
170 http fetch GET 200 https://registry.npmjs.org/signal-exit/-/signal-exit-4.1.0.tgz 1192ms (cache miss)
171 http fetch POST 200 https://registry.npmjs.org/-/npm/v1/security/advisories/bulk 1237ms
172 silly audit report {}
173 http fetch GET 200 https://registry.npmjs.org/imurmurhash/-/imurmurhash-0.1.4.tgz 1233ms (cache miss)
174 http fetch GET 200 https://registry.npmjs.org/chownr/-/chownr-3.0.0.tgz 1233ms (cache miss)
175 http fetch GET 200 https://registry.npmjs.org/minizlib/-/minizlib-3.1.0.tgz 1267ms (cache miss)
176 http fetch GET 200 https://registry.npmjs.org/minipass/-/minipass-7.1.2.tgz 2207ms (cache miss)
177 http fetch GET 200 https://registry.npmjs.org/write-file-atomic/-/write-file-atomic-6.0.0.tgz 2215ms (cache miss)
178 http fetch GET 200 https://registry.npmjs.org/npm-normalize-package-bin/-/npm-normalize-package-bin-4.0.0.tgz 2228ms (cache miss)
179 http fetch GET 200 https://registry.npmjs.org/proc-log/-/proc-log-5.0.0.tgz 2229ms (cache miss)
180 http fetch GET 200 https://registry.npmjs.org/cmd-shim/-/cmd-shim-7.0.0.tgz 2253ms (cache miss)
181 http fetch GET 200 https://registry.npmjs.org/agent-base/-/agent-base-7.1.4.tgz 2253ms (cache miss)
182 http fetch GET 200 https://registry.npmjs.org/read-cmd-shim/-/read-cmd-shim-5.0.0.tgz 3189ms (cache miss)
183 http fetch GET 200 https://registry.npmjs.org/https-proxy-agent/-/https-proxy-agent-7.0.6.tgz 3223ms (cache miss)
184 http fetch GET 200 https://registry.npmjs.org/supabase/-/supabase-2.51.0.tgz 3234ms (cache miss)
185 http fetch GET 200 https://registry.npmjs.org/bin-links/-/bin-links-5.0.0.tgz 3334ms (cache miss)
186 http fetch GET 200 https://registry.npmjs.org/formdata-polyfill/-/formdata-polyfill-4.0.10.tgz 3524ms (cache miss)
187 http fetch GET 200 https://registry.npmjs.org/yallist/-/yallist-5.0.0.tgz 3528ms (cache miss)
188 http fetch GET 200 https://registry.npmjs.org/fetch-blob/-/fetch-blob-3.2.0.tgz 3542ms (cache miss)
189 http fetch GET 200 https://registry.npmjs.org/data-uri-to-buffer/-/data-uri-to-buffer-4.0.1.tgz 3585ms (cache miss)
190 http fetch GET 200 https://registry.npmjs.org/@isaacs/fs-minipass/-/fs-minipass-4.0.1.tgz 3588ms (cache miss)
191 http fetch GET 200 https://registry.npmjs.org/node-domexception/-/node-domexception-1.0.0.tgz 3607ms (cache miss)
192 warn deprecated node-domexception@1.0.0: Use your platform's native DOMException instead
193 http fetch GET 200 https://registry.npmjs.org/ms/-/ms-2.1.3.tgz 3643ms (cache miss)
194 http fetch GET 200 https://registry.npmjs.org/debug/-/debug-4.4.3.tgz 3948ms (cache miss)
195 http fetch GET 200 https://registry.npmjs.org/node-fetch/-/node-fetch-3.3.2.tgz 4012ms (cache miss)
196 http fetch GET 200 https://registry.npmjs.org/tar/-/tar-7.5.1.tgz 4993ms (cache miss)
197 http fetch GET 200 https://registry.npmjs.org/web-streams-polyfill/-/web-streams-polyfill-3.3.3.tgz 15170ms (cache miss)
198 info run supabase@2.51.0 postinstall node_modules/supabase node scripts/postinstall.js
